INFO:2022-08-24 20:37:18,745:basehttp:log_message:187:"POST /auth/ HTTP/1.1" 200 52
WARNING:2022-08-24 20:37:18,753:log:log_response:241:Not Found: /teacher/1/
WARNING:2022-08-24 20:37:18,753:basehttp:log_message:187:"GET /teacher/1/ HTTP/1.1" 404 23
INFO:2022-08-24 20:37:23,176:basehttp:log_message:187:"POST /auth/ HTTP/1.1" 200 52
WARNING:2022-08-24 20:37:23,184:log:log_response:241:Not Found: /teacher/1/
WARNING:2022-08-24 20:37:23,184:basehttp:log_message:187:"GET /teacher/1/ HTTP/1.1" 404 23
INFO:2022-08-24 20:37:28,293:basehttp:log_message:187:"POST /auth/ HTTP/1.1" 200 52
WARNING:2022-08-24 20:37:28,296:log:log_response:241:Not Found: /teacher/5/
WARNING:2022-08-24 20:37:28,296:basehttp:log_message:187:"GET /teacher/5/ HTTP/1.1" 404 23
INFO:2022-08-24 20:37:30,534:basehttp:log_message:187:"POST /auth/ HTTP/1.1" 200 52
INFO:2022-08-24 20:37:30,553:basehttp:log_message:187:"GET /teacher/ HTTP/1.1" 200 335
WARNING:2022-08-24 20:37:34,818:log:log_response:241:Forbidden: /teacher/
WARNING:2022-08-24 20:37:34,826:basehttp:log_message:187:"GET /teacher/ HTTP/1.1" 403 4951
INFO:2022-08-24 20:37:35,009:basehttp:log_message:187:"GET /static/rest_framework/css/bootstrap.min.css HTTP/1.1" 200 121457
INFO:2022-08-24 20:37:35,009:basehttp:log_message:187:"GET /static/rest_framework/css/prettify.css HTTP/1.1" 200 817
INFO:2022-08-24 20:37:35,009:basehttp:log_message:187:"GET /static/rest_framework/js/csrf.js HTTP/1.1" 200 1719
INFO:2022-08-24 20:37:35,017:basehttp:log_message:187:"GET /static/rest_framework/js/bootstrap.min.js HTTP/1.1" 200 39680
INFO:2022-08-24 20:37:35,017:basehttp:log_message:187:"GET /static/rest_framework/js/prettify-min.js HTTP/1.1" 200 13632
INFO:2022-08-24 20:37:35,017:basehttp:log_message:187:"GET /static/rest_framework/css/bootstrap-tweaks.css HTTP/1.1" 200 3385
INFO:2022-08-24 20:37:35,017:basehttp:log_message:187:"GET /static/rest_framework/js/default.js HTTP/1.1" 200 1268
INFO:2022-08-24 20:37:35,017:basehttp:log_message:187:"GET /static/rest_framework/js/ajax-form.js HTTP/1.1" 200 3597
INFO:2022-08-24 20:37:35,025:basehttp:log_message:187:"GET /static/rest_framework/css/default.css HTTP/1.1" 200 1152
INFO:2022-08-24 20:37:35,025:basehttp:log_message:187:"GET /static/rest_framework/js/jquery-3.5.1.min.js HTTP/1.1" 200 89476
INFO:2022-08-24 20:37:35,025:basehttp:log_message:187:"GET /static/rest_framework/img/grid.png HTTP/1.1" 200 1458
INFO:2022-08-24 20:37:37,605:basehttp:log_message:187:"GET /admin/ HTTP/1.1" 302 0
INFO:2022-08-24 20:37:37,629:basehttp:log_message:187:"GET /admin/login/?next=/admin/ HTTP/1.1" 200 2222
INFO:2022-08-24 20:37:37,655:basehttp:log_message:187:"GET /static/admin/css/nav_sidebar.css HTTP/1.1" 200 2619
INFO:2022-08-24 20:37:37,655:basehttp:log_message:187:"GET /static/admin/js/nav_sidebar.js HTTP/1.1" 200 3763
INFO:2022-08-24 20:37:37,655:basehttp:log_message:187:"GET /static/admin/css/login.css HTTP/1.1" 200 958
INFO:2022-08-24 20:37:37,655:basehttp:log_message:187:"GET /static/admin/css/dark_mode.css HTTP/1.1" 200 796
INFO:2022-08-24 20:37:37,655:basehttp:log_message:187:"GET /static/admin/css/base.css HTTP/1.1" 200 20344
INFO:2022-08-24 20:37:37,655:basehttp:log_message:187:"GET /static/admin/css/responsive.css HTTP/1.1" 200 18854
INFO:2022-08-24 20:37:37,665:basehttp:log_message:187:"GET /static/admin/css/fonts.css HTTP/1.1" 200 423
INFO:2022-08-24 20:37:37,687:basehttp:log_message:187:"GET /static/admin/fonts/Roboto-Regular-webfont.woff HTTP/1.1" 200 85876
INFO:2022-08-24 20:37:37,687:basehttp:log_message:187:"GET /static/admin/fonts/Roboto-Light-webfont.woff HTTP/1.1" 200 85692
INFO:2022-08-24 20:37:41,906:basehttp:log_message:187:"POST /admin/login/?next=/admin/ HTTP/1.1" 302 0
INFO:2022-08-24 20:37:41,922:basehttp:log_message:187:"GET /admin/ HTTP/1.1" 200 5951
INFO:2022-08-24 20:37:41,942:basehttp:log_message:187:"GET /static/admin/css/dashboard.css HTTP/1.1" 200 380
INFO:2022-08-24 20:37:41,949:basehttp:log_message:187:"GET /static/admin/img/icon-changelink.svg HTTP/1.1" 200 380
INFO:2022-08-24 20:37:41,951:basehttp:log_message:187:"GET /static/admin/img/icon-addlink.svg HTTP/1.1" 200 331
INFO:2022-08-24 20:37:41,951:basehttp:log_message:187:"GET /static/admin/img/icon-deletelink.svg HTTP/1.1" 200 392
INFO:2022-08-24 20:37:41,965:basehttp:log_message:187:"GET /static/admin/fonts/Roboto-Bold-webfont.woff HTTP/1.1" 200 86184
INFO:2022-08-24 20:37:44,175:basehttp:log_message:187:"GET /admin/teacher/teacher/ HTTP/1.1" 200 7107
INFO:2022-08-24 20:37:44,216:basehttp:log_message:187:"GET /static/admin/js/admin/RelatedObjectLookups.js HTTP/1.1" 200 8919
INFO:2022-08-24 20:37:44,216:basehttp:log_message:187:"GET /static/admin/js/core.js HTTP/1.1" 200 5698
INFO:2022-08-24 20:37:44,216:basehttp:log_message:187:"GET /static/admin/css/changelists.css HTTP/1.1" 200 6395
INFO:2022-08-24 20:37:44,216:basehttp:log_message:187:"GET /static/admin/js/jquery.init.js HTTP/1.1" 200 347
INFO:2022-08-24 20:37:44,232:basehttp:log_message:187:"GET /static/admin/js/prepopulate.js HTTP/1.1" 200 1531
INFO:2022-08-24 20:37:44,232:basehttp:log_message:187:"GET /static/admin/js/urlify.js HTTP/1.1" 200 7902
INFO:2022-08-24 20:37:44,232:basehttp:log_message:187:"GET /static/admin/js/actions.js HTTP/1.1" 200 7872
INFO:2022-08-24 20:37:44,232:basehttp:log_message:187:"GET /admin/jsi18n/ HTTP/1.1" 200 3343
INFO:2022-08-24 20:37:44,241:basehttp:log_message:187:"GET /static/admin/js/vendor/xregexp/xregexp.js HTTP/1.1" 200 232381
INFO:2022-08-24 20:37:44,241:basehttp:log_message:187:"GET /static/admin/js/vendor/jquery/jquery.js HTTP/1.1" 200 288580
INFO:2022-08-24 20:37:44,250:basehttp:log_message:187:"GET /static/admin/js/filters.js HTTP/1.1" 200 966
INFO:2022-08-24 20:37:44,266:basehttp:log_message:187:"GET /static/admin/img/tooltag-add.svg HTTP/1.1" 200 331
INFO:2022-08-24 20:37:49,513:basehttp:log_message:187:"POST /admin/teacher/teacher/ HTTP/1.1" 200 6015
INFO:2022-08-24 20:37:49,537:basehttp:log_message:187:"GET /static/admin/js/cancel.js HTTP/1.1" 200 884
INFO:2022-08-24 20:37:50,888:basehttp:log_message:187:"POST /admin/teacher/teacher/ HTTP/1.1" 302 0
INFO:2022-08-24 20:37:50,914:basehttp:log_message:187:"GET /admin/teacher/teacher/ HTTP/1.1" 200 6095
INFO:2022-08-24 20:37:50,930:basehttp:log_message:187:"GET /admin/jsi18n/ HTTP/1.1" 200 3343
INFO:2022-08-24 20:37:50,956:basehttp:log_message:187:"GET /static/admin/img/icon-yes.svg HTTP/1.1" 200 436
INFO:2022-08-24 20:37:57,423:basehttp:log_message:187:"POST /auth/ HTTP/1.1" 200 52
INFO:2022-08-24 20:37:57,428:basehttp:log_message:187:"GET /teacher/ HTTP/1.1" 200 2
INFO:2022-08-24 20:38:28,053:basehttp:log_message:187:"POST /auth/ HTTP/1.1" 200 52
INFO:2022-08-24 20:38:28,067:basehttp:log_message:187:"POST /teacher/ HTTP/1.1" 201 336
INFO:2022-08-24 20:38:28,234:basehttp:log_message:187:"POST /auth/ HTTP/1.1" 200 52
INFO:2022-08-24 20:38:28,242:basehttp:log_message:187:"GET /teacher/9/ HTTP/1.1" 200 336
INFO:2022-08-24 20:38:44,737:basehttp:log_message:187:"POST /auth/ HTTP/1.1" 200 52
INFO:2022-08-24 20:38:44,747:basehttp:log_message:187:"GET /teacher/ HTTP/1.1" 200 338
INFO:2022-08-24 20:38:50,001:basehttp:log_message:187:"POST /auth/ HTTP/1.1" 200 52
WARNING:2022-08-24 20:38:50,009:log:log_response:241:Not Found: /teacher/5/
WARNING:2022-08-24 20:38:50,009:basehttp:log_message:187:"GET /teacher/5/ HTTP/1.1" 404 23
INFO:2022-08-24 20:38:54,554:basehttp:log_message:187:"POST /auth/ HTTP/1.1" 200 52
INFO:2022-08-24 20:38:54,567:basehttp:log_message:187:"GET /teacher/9/ HTTP/1.1" 200 336
INFO:2022-08-24 20:39:03,500:basehttp:log_message:187:"POST /auth/ HTTP/1.1" 200 52
INFO:2022-08-24 20:39:03,508:basehttp:log_message:187:"GET /teacher/9/ HTTP/1.1" 200 336
INFO:2022-08-24 20:39:08,145:basehttp:log_message:187:"POST /auth/ HTTP/1.1" 200 52
INFO:2022-08-24 20:39:08,161:basehttp:log_message:187:"DELETE /teacher/9/ HTTP/1.1" 204 0
INFO:2022-08-24 20:39:08,365:basehttp:log_message:187:"POST /auth/ HTTP/1.1" 200 52
INFO:2022-08-24 20:39:08,367:basehttp:log_message:187:"GET /teacher/ HTTP/1.1" 200 2
INFO:2022-08-24 20:50:23,290:autoreload:run_with_reloader:677:Watching for file changes with StatReloader
INFO:2022-08-25 02:11:39,558:autoreload:run_with_reloader:677:Watching for file changes with StatReloader
INFO:2022-08-25 02:30:15,918:basehttp:log_message:187:"POST /auth/ HTTP/1.1" 200 52
INFO:2022-08-25 02:30:15,925:basehttp:log_message:187:"GET /teacher/ HTTP/1.1" 200 2
INFO:2022-08-25 02:30:25,936:basehttp:log_message:187:"POST /auth/ HTTP/1.1" 200 52
INFO:2022-08-25 02:30:25,942:basehttp:log_message:187:"GET /teacher/ HTTP/1.1" 200 2
INFO:2022-08-25 02:31:42,180:basehttp:log_message:187:"POST /auth/ HTTP/1.1" 200 52
INFO:2022-08-25 02:31:42,313:basehttp:log_message:187:"POST /teacher/ HTTP/1.1" 201 332
INFO:2022-08-25 02:31:42,488:basehttp:log_message:187:"POST /auth/ HTTP/1.1" 200 52
INFO:2022-08-25 02:31:42,495:basehttp:log_message:187:"GET /teacher/10/ HTTP/1.1" 200 332
INFO:2022-08-25 02:31:50,695:basehttp:log_message:187:"POST /auth/ HTTP/1.1" 200 52
INFO:2022-08-25 02:31:50,702:basehttp:log_message:187:"GET /teacher/10/ HTTP/1.1" 200 332
INFO:2022-08-25 02:31:50,744:basehttp:log_message:187:"POST /auth/ HTTP/1.1" 200 52
INFO:2022-08-25 02:31:50,749:basehttp:log_message:187:"GET /teacher/10/ HTTP/1.1" 200 332
INFO:2022-08-25 02:32:13,219:basehttp:log_message:187:"POST /auth/ HTTP/1.1" 200 52
INFO:2022-08-25 02:32:13,265:basehttp:log_message:187:"PUT /teacher/10/ HTTP/1.1" 200 334
INFO:2022-08-25 02:32:13,438:basehttp:log_message:187:"POST /auth/ HTTP/1.1" 200 52
INFO:2022-08-25 02:32:13,444:basehttp:log_message:187:"GET /teacher/10/ HTTP/1.1" 200 334
INFO:2022-08-25 02:32:17,581:basehttp:log_message:187:"POST /auth/ HTTP/1.1" 200 52
INFO:2022-08-25 02:32:17,588:basehttp:log_message:187:"GET /teacher/ HTTP/1.1" 200 336
INFO:2022-08-25 02:32:19,342:basehttp:log_message:187:"POST /auth/ HTTP/1.1" 200 52
INFO:2022-08-25 02:32:19,348:basehttp:log_message:187:"GET /teacher/10/ HTTP/1.1" 200 334
INFO:2022-08-25 02:32:24,987:basehttp:log_message:187:"POST /auth/ HTTP/1.1" 200 52
INFO:2022-08-25 02:32:24,994:basehttp:log_message:187:"GET /teacher/10/ HTTP/1.1" 200 334
INFO:2022-08-25 02:32:37,619:basehttp:log_message:187:"POST /auth/ HTTP/1.1" 200 52
INFO:2022-08-25 02:32:37,625:basehttp:log_message:187:"GET /teacher/10/ HTTP/1.1" 200 334
INFO:2022-08-25 02:33:27,958:basehttp:log_message:187:"POST /auth/ HTTP/1.1" 200 52
WARNING:2022-08-25 02:33:27,963:log:log_response:241:Not Found: /teacher/0/
WARNING:2022-08-25 02:33:27,964:basehttp:log_message:187:"GET /teacher/0/ HTTP/1.1" 404 23
INFO:2022-08-25 02:33:30,795:basehttp:log_message:187:"POST /auth/ HTTP/1.1" 200 52
WARNING:2022-08-25 02:33:30,801:log:log_response:241:Not Found: /teacher/0/
WARNING:2022-08-25 02:33:30,801:basehttp:log_message:187:"GET /teacher/0/ HTTP/1.1" 404 23
INFO:2022-08-25 02:33:36,612:basehttp:log_message:187:"POST /auth/ HTTP/1.1" 200 52
INFO:2022-08-25 02:33:36,619:basehttp:log_message:187:"GET /teacher/10/ HTTP/1.1" 200 334
INFO:2022-08-25 02:33:46,189:basehttp:log_message:187:"POST /auth/ HTTP/1.1" 200 52
INFO:2022-08-25 02:33:46,196:basehttp:log_message:187:"GET /teacher/10/ HTTP/1.1" 200 334
INFO:2022-08-25 02:33:51,929:basehttp:log_message:187:"POST /auth/ HTTP/1.1" 200 52
INFO:2022-08-25 02:33:51,935:basehttp:log_message:187:"GET /teacher/10/ HTTP/1.1" 200 334
INFO:2022-08-25 16:17:54,882:basehttp:log_message:187:"POST /auth/ HTTP/1.1" 200 52
INFO:2022-08-25 16:17:54,910:basehttp:log_message:187:"GET /teacher/ HTTP/1.1" 200 336
INFO:2022-08-25 16:31:16,876:basehttp:log_message:187:"POST /auth/ HTTP/1.1" 200 52
INFO:2022-08-25 16:31:16,883:basehttp:log_message:187:"GET /teacher/ HTTP/1.1" 200 336
INFO:2022-08-25 16:31:38,452:basehttp:log_message:187:"POST /auth/ HTTP/1.1" 200 52
INFO:2022-08-25 16:31:38,458:basehttp:log_message:187:"GET /teacher/10/ HTTP/1.1" 200 334
